Build started 27/02/2015 10:51:45 PM.
     1>Project "D:\Github Repositories\Computer-Graphics\GraphicsEngine\GraphicsEngine\GraphicsEngine.vcxproj" on node 2 (Build target(s)).
     1>ClCompile:
         C:\Program Files (x86)\Microsoft Visual Studio 12.0\VC\bin\CL.exe /c /I./include /ZI /nologo /W3 /WX- /sdl /Od /Oy- /D WIN32 /D _DEBUG /D _CONSOLE /D _LIB /D _UNICODE /D UNICODE /Gm /EHsc /RTC1 /MDd /GS /fp:precise /Zc:wchar_t /Zc:forScope /Fo"Debug\\" /Fd"Debug\vc120.pdb" /Gd /TP /analyze- /errorReport:prompt /FS include\aie\Gizmos.cpp main.cpp
         main.cpp
     1>d:\github repositories\computer-graphics\graphicsengine\graphicsengine\main.cpp(46): warning C4244: '=' : conversion from 'double' to 'float', possible loss of data
     1>d:\github repositories\computer-graphics\graphicsengine\graphicsengine\main.cpp(48): warning C4244: '=' : conversion from 'double' to 'float', possible loss of data
     1>d:\github repositories\computer-graphics\graphicsengine\graphicsengine\main.cpp(106): warning C4244: '=' : conversion from 'double' to 'float', possible loss of data
     1>d:\github repositories\computer-graphics\graphicsengine\graphicsengine\main.cpp(108): warning C4244: '=' : conversion from 'double' to 'float', possible loss of data
         Gizmos.cpp
         Generating Code...
         C:\Program Files (x86)\Microsoft Visual Studio 12.0\VC\bin\CL.exe /c /I./include /ZI /nologo /W3 /WX- /sdl /Od /Oy- /D WIN32 /D _DEBUG /D _CONSOLE /D _LIB /D _UNICODE /D UNICODE /Gm /EHsc /RTC1 /MDd /GS /fp:precise /Zc:wchar_t /Zc:forScope /Fo"Debug\\" /Fd"Debug\vc120.pdb" /Gd /TC /analyze- /errorReport:prompt /FS include\loadgen\gl_core_4_4.c
         gl_core_4_4.c
       Link:
         C:\Program Files (x86)\Microsoft Visual Studio 12.0\VC\bin\link.exe /ERRORREPORT:PROMPT /OUT:"D:\Github Repositories\Computer-Graphics\GraphicsEngine\Debug\GraphicsEngine.exe" /INCREMENTAL /NOLOGO /LIBPATH:./lib glfw3.lib opengl32.lib kernel32.lib user32.lib gdi32.lib winspool.lib comdlg32.lib advapi32.lib shell32.lib ole32.lib oleaut32.lib uuid.lib odbc32.lib odbccp32.lib /MANIFEST /MANIFESTUAC:"level='asInvoker' uiAccess='false'" /manifest:embed /DEBUG /PDB:"D:\Github Repositories\Computer-Graphics\GraphicsEngine\Debug\GraphicsEngine.pdb" /SUBSYSTEM:CONSOLE /TLBID:1 /DYNAMICBASE /NXCOMPAT /IMPLIB:"D:\Github Repositories\Computer-Graphics\GraphicsEngine\Debug\GraphicsEngine.lib" /MACHINE:X86 Debug\Gizmos.obj
         Debug\gl_core_4_4.obj
         Debug\main.obj
         GraphicsEngine.vcxproj -> D:\Github Repositories\Computer-Graphics\GraphicsEngine\Debug\GraphicsEngine.exe
     1>Done Building Project "D:\Github Repositories\Computer-Graphics\GraphicsEngine\GraphicsEngine\GraphicsEngine.vcxproj" (Build target(s)).

Build succeeded.

Time Elapsed 00:00:34.47
